Arguments: 
  /usr/bin/node /mnt/c/Users/marco/AppData/Roaming/npm/node_modules/yarn/bin/yarn.js add cross-env, csv-parse, express, express-async-errors

PATH: 
  /usr/local/sbin:/usr/local/bin:/usr/sbin:/usr/bin:/sbin:/bin:/usr/games:/usr/local/games:/usr/lib/wsl/lib:/mnt/c/Program Files (x86)/Common Files/Oracle/Java/javapath:/mnt/c/Windows/system32:/mnt/c/Windows:/mnt/c/Windows/System32/Wbem:/mnt/c/Windows/System32/WindowsPowerShell/v1.0/:/mnt/c/Windows/System32/OpenSSH/:/mnt/c/Program Files/NVIDIA Corporation/NVIDIA NvDLISR:/mnt/c/Program Files (x86)/NVIDIA Corporation/PhysX/Common:/mnt/c/Program Files/nodejs/:/mnt/c/Program Files/Git/cmd:/mnt/c/Program Files/Go/bin:/mnt/c/Program Files/apache-maven-3.9.0:/mnt/c/Program Files/Java/jdk-19/bin:/mnt/c/Program Files/apache-maven-3.9.0/apache-maven:/mnt/c/Program Files/apache-maven-4.0.0-alpha-4:/mnt/c/Program Files/apache-maven-3.8.4/bin:/mnt/c/Program Files/Java/jdk-19/bin:/mnt/c/Users/marco/scoop/shims:/mnt/c/Users/marco/AppData/Local/Microsoft/WindowsApps:/mnt/c/Users/marco/AppData/Local/Programs/Microsoft VS Code/bin:/mnt/c/Users/marco/AppData/Roaming/npm:/mnt/c/Users/marco/go/bin:/mnt/c/Users/marco/AppData/Local/Programs/oh-my-posh/bin

Yarn version: 
  1.22.19

Node version: 
  12.22.9

Platform: 
  linux x64

Trace: 
  Error: https://registry.yarnpkg.com/cross-env,: Not found
      at Request.params.callback [as _callback] (/mnt/c/Users/marco/AppData/Roaming/npm/node_modules/yarn/lib/cli.js:66145:18)
      at Request.self.callback (/mnt/c/Users/marco/AppData/Roaming/npm/node_modules/yarn/lib/cli.js:140890:22)
      at Request.emit (events.js:314:20)
      at Request.<anonymous> (/mnt/c/Users/marco/AppData/Roaming/npm/node_modules/yarn/lib/cli.js:141862:10)
      at Request.emit (events.js:314:20)
      at IncomingMessage.<anonymous> (/mnt/c/Users/marco/AppData/Roaming/npm/node_modules/yarn/lib/cli.js:141784:12)
      at Object.onceWrapper (events.js:420:28)
      at IncomingMessage.emit (events.js:326:22)
      at endReadableNT (_stream_readable.js:1241:12)
      at processTicksAndRejections (internal/process/task_queues.js:84:21)

npm manifest: 
  {
    "name": "preach",
    "version": "1.0.0",
    "main": "server.ts",
    "author": "Marco Antonio Araujo Junior",
    "license": "MIT",
    "dependencies": {
      "bcryptjs": "^2.4.3"
    }
  }

yarn manifest: 
  No manifest

Lockfile: 
  # THIS IS AN AUTOGENERATED FILE. DO NOT EDIT THIS FILE DIRECTLY.
  # yarn lockfile v1
  
  
  bcryptjs@^2.4.3:
    version "2.4.3"
    resolved "https://registry.yarnpkg.com/bcryptjs/-/bcryptjs-2.4.3.tgz#9ab5627b93e60621ff7cdac5da9733027df1d0cb"
    integrity sha512-V/Hy/X9Vt7f3BbPJEi8BdVFMByHi+jNXrYkW3huaybV/kQ0KJg0Y6PkEMbn+zeT+i+SiKZ/HMqJGIIt4LZDqNQ==
